app/build/intermediates/manifest_merge_blame_file/debug/manifest-merger-blame-debug-report.txt
1<?xml version="1.0" encoding="utf-8"?>
2<manifest xmlns:android="http://schemas.android.com/apk/res/android"
3    package="com.mtaafrique.colisexpress"
4    android:versionCode="2"
5    android:versionName="1.1" >
6
7    <uses-sdk
8        android:minSdkVersion="15"
8-->src\main\AndroidManifest.xml
9        android:targetSdkVersion="29" />
9-->src\main\AndroidManifest.xml
10
11    <uses-permission android:name="android.permission.INTERNET" />
11-->src\main\AndroidManifest.xml:5:5-67
11-->src\main\AndroidManifest.xml:5:22-64
12    <uses-permission android:name="android.permission.ACCESS_NETWORK_STATE" />
12-->src\main\AndroidManifest.xml:6:5-79
12-->src\main\AndroidManifest.xml:6:22-76
13
14    <application
14-->src\main\AndroidManifest.xml:8:5-28:19
15        android:allowBackup="true"
15-->src\main\AndroidManifest.xml:9:9-35
16        android:appComponentFactory="androidx.core.app.CoreComponentFactory"
16-->[androidx.core:core:1.0.1] AndroidManifest.xml:22:18-86
17        android:debuggable="true"
18        android:icon="@mipmap/ic_launcher"
18-->src\main\AndroidManifest.xml:10:9-43
19        android:label="@string/app_name"
19-->src\main\AndroidManifest.xml:11:9-41
20        android:roundIcon="@mipmap/ic_launcher_round"
20-->src\main\AndroidManifest.xml:12:9-54
21        android:supportsRtl="true"
21-->src\main\AndroidManifest.xml:13:9-35
22        android:theme="@style/AppTheme" >
22-->src\main\AndroidManifest.xml:14:9-40
23        <activity android:name="com.mtaafrique.colisexpress.ContactActivity" />
23-->src\main\AndroidManifest.xml:15:9-89
23-->src\main\AndroidManifest.xml:15:19-77
24        <activity android:name="com.mtaafrique.colisexpress.TracingResultActivity" />
24-->src\main\AndroidManifest.xml:16:9-86
24-->src\main\AndroidManifest.xml:16:19-83
25        <activity android:name="com.mtaafrique.colisexpress.TracingActivity" />
25-->src\main\AndroidManifest.xml:17:9-80
25-->src\main\AndroidManifest.xml:17:19-77
26        <activity android:name="com.mtaafrique.colisexpress.CotationActivity" />
26-->src\main\AndroidManifest.xml:18:9-81
26-->src\main\AndroidManifest.xml:18:19-78
27        <activity android:name="com.mtaafrique.colisexpress.DestinataireActivity" />
27-->src\main\AndroidManifest.xml:19:9-85
27-->src\main\AndroidManifest.xml:19:19-82
28        <activity android:name="com.mtaafrique.colisexpress.DescriptionColisActivity" />
28-->src\main\AndroidManifest.xml:20:9-89
28-->src\main\AndroidManifest.xml:20:19-86
29        <activity android:name="com.mtaafrique.colisexpress.MainActivity" >
29-->src\main\AndroidManifest.xml:21:9-27:20
29-->src\main\AndroidManifest.xml:21:19-74
30            <intent-filter>
30-->src\main\AndroidManifest.xml:22:13-26:29
31                <action android:name="android.intent.action.MAIN" />
31-->src\main\AndroidManifest.xml:23:17-69
31-->src\main\AndroidManifest.xml:23:25-66
32
33                <category android:name="android.intent.category.LAUNCHER" />
33-->src\main\AndroidManifest.xml:25:17-77
33-->src\main\AndroidManifest.xml:25:27-74
34            </intent-filter>
35        </activity>
36    </application>
37
38</manifest>